<?xml version="1.0" encoding="UTF-8"?>
<coverage generated="1602336221">
  <project timestamp="1602336221">
    <file name="C:\Users\cyril\Documents\Projects\log\src\Level.php">
      <class name="Seeren\Log\Level" namespace="global">
        <metrics complexity="26" methods="8" coveredmethods="8" conditionals="0" coveredconditionals="0" statements="24" coveredstatements="24" elements="32" coveredelements="32"/>
      </class>
      <line num="23" type="method" name="level" visibility="public" complexity="10" crap="10" count="1"/>
      <line num="26" type="stmt" count="1"/>
      <line num="27" type="stmt" count="1"/>
      <line num="28" type="stmt" count="1"/>
      <line num="29" type="stmt" count="1"/>
      <line num="30" type="stmt" count="1"/>
      <line num="31" type="stmt" count="1"/>
      <line num="32" type="stmt" count="1"/>
      <line num="33" type="stmt" count="1"/>
      <line num="34" type="stmt" count="1"/>
      <line num="35" type="stmt" count="1"/>
      <line num="36" type="stmt" count="1"/>
      <line num="37" type="stmt" count="1"/>
      <line num="38" type="stmt" count="1"/>
      <line num="39" type="stmt" count="1"/>
      <line num="40" type="stmt" count="1"/>
      <line num="41" type="stmt" count="1"/>
      <line num="43" type="stmt" count="1"/>
      <line num="51" type="method" name="emergency" visibility="private" complexity="1" crap="1" count="1"/>
      <line num="53" type="stmt" count="1"/>
      <line num="60" type="method" name="critical" visibility="private" complexity="4" crap="4" count="1"/>
      <line num="62" type="stmt" count="1"/>
      <line num="69" type="method" name="error" visibility="private" complexity="2" crap="2" count="1"/>
      <line num="71" type="stmt" count="1"/>
      <line num="78" type="method" name="warning" visibility="private" complexity="4" crap="4" count="1"/>
      <line num="80" type="stmt" count="1"/>
      <line num="87" type="method" name="notice" visibility="private" complexity="2" crap="2" count="1"/>
      <line num="89" type="stmt" count="1"/>
      <line num="96" type="method" name="info" visibility="private" complexity="1" crap="1" count="1"/>
      <line num="98" type="stmt" count="1"/>
      <line num="105" type="method" name="debug" visibility="private" complexity="2" crap="2" count="1"/>
      <line num="107" type="stmt" count="1"/>
      <metrics loc="110" ncloc="67" classes="1" methods="8" coveredmethods="8" conditionals="0" coveredconditionals="0" statements="24" coveredstatements="24" elements="32" coveredelements="32"/>
    </file>
    <file name="C:\Users\cyril\Documents\Projects\log\src\LevelInterface.php">
      <metrics loc="66" ncloc="26" classes="0" methods="0" coveredmethods="0" conditionals="0" coveredconditionals="0" statements="0" coveredstatements="0" elements="0" coveredelements="0"/>
    </file>
    <file name="C:\Users\cyril\Documents\Projects\log\src\Logger\AbstractLogger.php">
      <class name="Seeren\Log\Logger\AbstractLogger" namespace="global">
        <metrics complexity="13" methods="10" coveredmethods="10" conditionals="0" coveredconditionals="0" statements="22" coveredstatements="22" elements="32" coveredelements="32"/>
      </class>
      <line num="38" type="method" name="__construct" visibility="public" complexity="1" crap="1" count="14"/>
      <line num="40" type="stmt" count="14"/>
      <line num="41" type="stmt" count="14"/>
      <line num="42" type="stmt" count="10"/>
      <line num="43" type="stmt" count="10"/>
      <line num="44" type="stmt" count="10"/>
      <line num="45" type="stmt" count="14"/>
      <line num="46" type="stmt" count="14"/>
      <line num="48" type="stmt" count="14"/>
      <line num="54" type="method" name="emergency" visibility="public" complexity="1" crap="1" count="1"/>
      <line num="56" type="stmt" count="1"/>
      <line num="63" type="method" name="alert" visibility="public" complexity="1" crap="1" count="1"/>
      <line num="65" type="stmt" count="1"/>
      <line num="72" type="method" name="critical" visibility="public" complexity="1" crap="1" count="1"/>
      <line num="74" type="stmt" count="1"/>
      <line num="81" type="method" name="error" visibility="public" complexity="1" crap="1" count="1"/>
      <line num="83" type="stmt" count="1"/>
      <line num="90" type="method" name="warning" visibility="public" complexity="1" crap="1" count="1"/>
      <line num="92" type="stmt" count="1"/>
      <line num="99" type="method" name="notice" visibility="public" complexity="1" crap="1" count="1"/>
      <line num="101" type="stmt" count="1"/>
      <line num="108" type="method" name="info" visibility="public" complexity="1" crap="1" count="1"/>
      <line num="110" type="stmt" count="1"/>
      <line num="117" type="method" name="debug" visibility="public" complexity="1" crap="1" count="1"/>
      <line num="119" type="stmt" count="1"/>
      <line num="126" type="method" name="log" visibility="public" complexity="4" crap="4" count="12"/>
      <line num="128" type="stmt" count="12"/>
      <line num="129" type="stmt" count="1"/>
      <line num="131" type="stmt" count="11"/>
      <line num="132" type="stmt" count="8"/>
      <line num="133" type="stmt" count="8"/>
      <line num="136" type="stmt" count="11"/>
      <metrics loc="139" ncloc="81" classes="1" methods="10" coveredmethods="10" conditionals="0" coveredconditionals="0" statements="22" coveredstatements="22" elements="32" coveredelements="32"/>
    </file>
    <file name="C:\Users\cyril\Documents\Projects\log\src\Logger\Daily.php">
      <class name="Seeren\Log\Logger\Daily" namespace="global">
        <metrics complexity="2" methods="1" coveredmethods="1" conditionals="0" coveredconditionals="0" statements="4" coveredstatements="4" elements="5" coveredelements="5"/>
      </class>
      <line num="23" type="method" name="write" visibility="protected" complexity="2" crap="2" count="1"/>
      <line num="25" type="stmt" count="1"/>
      <line num="26" type="stmt" count="1"/>
      <line num="27" type="stmt" count="1"/>
      <line num="29" type="stmt" count="1"/>
      <metrics loc="32" ncloc="17" classes="1" methods="1" coveredmethods="1" conditionals="0" coveredconditionals="0" statements="4" coveredstatements="4" elements="5" coveredelements="5"/>
    </file>
    <file name="C:\Users\cyril\Documents\Projects\log\src\Logger\Monthly.php">
      <class name="Seeren\Log\Logger\Monthly" namespace="global">
        <metrics complexity="2" methods="1" coveredmethods="1" conditionals="0" coveredconditionals="0" statements="4" coveredstatements="4" elements="5" coveredelements="5"/>
      </class>
      <line num="23" type="method" name="write" visibility="protected" complexity="2" crap="2" count="1"/>
      <line num="25" type="stmt" count="1"/>
      <line num="26" type="stmt" count="1"/>
      <line num="27" type="stmt" count="1"/>
      <line num="29" type="stmt" count="1"/>
      <metrics loc="32" ncloc="17" classes="1" methods="1" coveredmethods="1" conditionals="0" coveredconditionals="0" statements="4" coveredstatements="4" elements="5" coveredelements="5"/>
    </file>
    <file name="C:\Users\cyril\Documents\Projects\log\src\Logger\Yearly.php">
      <class name="Seeren\Log\Logger\Yearly" namespace="global">
        <metrics complexity="2" methods="1" coveredmethods="1" conditionals="0" coveredconditionals="0" statements="4" coveredstatements="4" elements="5" coveredelements="5"/>
      </class>
      <line num="23" type="method" name="write" visibility="protected" complexity="2" crap="2" count="1"/>
      <line num="25" type="stmt" count="1"/>
      <line num="26" type="stmt" count="1"/>
      <line num="27" type="stmt" count="1"/>
      <line num="29" type="stmt" count="1"/>
      <metrics loc="32" ncloc="17" classes="1" methods="1" coveredmethods="1" conditionals="0" coveredconditionals="0" statements="4" coveredstatements="4" elements="5" coveredelements="5"/>
    </file>
    <metrics files="6" loc="411" ncloc="225" classes="5" methods="21" coveredmethods="21" conditionals="0" coveredconditionals="0" statements="58" coveredstatements="58" elements="79" coveredelements="79"/>
  </project>
</coverage>
