<?xml version="1.0" encoding="UTF-8"?>
<coverage generated="1522620131">
  <project timestamp="1522620131">
    <package name="Seeren\Log">
      <file name="C:\xampp\htdocs\dev-master.seeren\log\src/Daily.php">
        <class name="Seeren\Log\Daily" namespace="Seeren\Log" fullPackage="Log" category="Seeren" package="Log">
          <metrics complexity="3" methods="2" coveredmethods="2" conditionals="0" coveredconditionals="0" statements="7" coveredstatements="7" elements="9" coveredelements="9"/>
        </class>
        <line num="29" type="method" name="__construct" visibility="public" complexity="1" crap="1" count="13"/>
        <line num="31" type="stmt" count="13"/>
        <line num="32" type="stmt" count="13"/>
        <line num="38" type="method" name="log" visibility="public" complexity="2" crap="2" count="12"/>
        <line num="40" type="stmt" count="12"/>
        <line num="41" type="stmt" count="11"/>
        <line num="42" type="stmt" count="11"/>
        <line num="43" type="stmt" count="11"/>
        <line num="45" type="stmt" count="11"/>
        <metrics loc="48" ncloc="24" classes="1" methods="2" coveredmethods="2" conditionals="0" coveredconditionals="0" statements="7" coveredstatements="7" elements="9" coveredelements="9"/>
      </file>
      <file name="C:\xampp\htdocs\dev-master.seeren\log\src/LogLevel.php">
        <class name="Seeren\Log\LogLevel" namespace="Seeren\Log" fullPackage="Log" category="Seeren" package="Log">
          <metrics complexity="26" methods="9" coveredmethods="9" conditionals="0" coveredconditionals="0" statements="17" coveredstatements="17" elements="26" coveredelements="26"/>
        </class>
        <line num="29" type="method" name="__construct" visibility="public" complexity="1" crap="1" count="2"/>
        <line num="31" type="stmt" count="2"/>
        <line num="37" type="method" name="level" visibility="public" complexity="9" crap="9" count="1"/>
        <line num="40" type="stmt" count="1"/>
        <line num="41" type="stmt" count="1"/>
        <line num="42" type="stmt" count="1"/>
        <line num="43" type="stmt" count="1"/>
        <line num="44" type="stmt" count="1"/>
        <line num="45" type="stmt" count="1"/>
        <line num="46" type="stmt" count="1"/>
        <line num="47" type="stmt" count="1"/>
        <line num="48" type="stmt" count="1"/>
        <line num="56" type="method" name="emergency" visibility="protected" complexity="1" crap="1" count="1"/>
        <line num="58" type="stmt" count="1"/>
        <line num="65" type="method" name="critical" visibility="protected" complexity="4" crap="4" count="1"/>
        <line num="67" type="stmt" count="1"/>
        <line num="74" type="method" name="error" visibility="protected" complexity="2" crap="2" count="1"/>
        <line num="76" type="stmt" count="1"/>
        <line num="83" type="method" name="warning" visibility="protected" complexity="4" crap="4" count="1"/>
        <line num="85" type="stmt" count="1"/>
        <line num="92" type="method" name="notice" visibility="protected" complexity="2" crap="2" count="1"/>
        <line num="94" type="stmt" count="1"/>
        <line num="101" type="method" name="info" visibility="protected" complexity="1" crap="1" count="1"/>
        <line num="103" type="stmt" count="1"/>
        <line num="110" type="method" name="debug" visibility="protected" complexity="2" crap="2" count="1"/>
        <line num="112" type="stmt" count="1"/>
        <metrics loc="115" ncloc="63" classes="1" methods="9" coveredmethods="9" conditionals="0" coveredconditionals="0" statements="17" coveredstatements="17" elements="26" coveredelements="26"/>
      </file>
      <file name="C:\xampp\htdocs\dev-master.seeren\log\src/Logger.php">
        <class name="Seeren\Log\Logger" namespace="Seeren\Log" fullPackage="Log" category="Seeren" package="Log">
          <metrics complexity="15" methods="11" coveredmethods="11" conditionals="0" coveredconditionals="0" statements="24" coveredstatements="24" elements="35" coveredelements="35"/>
        </class>
        <line num="45" type="method" name="__construct" visibility="public" complexity="2" crap="2" count="52"/>
        <line num="47" type="stmt" count="52"/>
        <line num="48" type="stmt" count="52"/>
        <line num="49" type="stmt" count="13"/>
        <line num="50" type="stmt" count="52"/>
        <line num="51" type="stmt" count="52"/>
        <line num="52" type="stmt" count="52"/>
        <line num="59" type="method" name="getLogs" visibility="public" complexity="1" crap="1" count="44"/>
        <line num="61" type="stmt" count="44"/>
        <line num="68" type="method" name="emergency" visibility="public" complexity="1" crap="1" count="4"/>
        <line num="70" type="stmt" count="4"/>
        <line num="77" type="method" name="alert" visibility="public" complexity="1" crap="1" count="4"/>
        <line num="79" type="stmt" count="4"/>
        <line num="86" type="method" name="critical" visibility="public" complexity="1" crap="1" count="4"/>
        <line num="88" type="stmt" count="4"/>
        <line num="95" type="method" name="error" visibility="public" complexity="1" crap="1" count="4"/>
        <line num="97" type="stmt" count="4"/>
        <line num="104" type="method" name="warning" visibility="public" complexity="1" crap="1" count="4"/>
        <line num="106" type="stmt" count="4"/>
        <line num="113" type="method" name="notice" visibility="public" complexity="1" crap="1" count="4"/>
        <line num="115" type="stmt" count="4"/>
        <line num="122" type="method" name="info" visibility="public" complexity="1" crap="1" count="4"/>
        <line num="124" type="stmt" count="4"/>
        <line num="131" type="method" name="debug" visibility="public" complexity="1" crap="1" count="4"/>
        <line num="133" type="stmt" count="4"/>
        <line num="140" type="method" name="log" visibility="public" complexity="4" crap="4" count="48"/>
        <line num="142" type="stmt" count="48"/>
        <line num="143" type="stmt" count="4"/>
        <line num="144" type="stmt" count="4"/>
        <line num="146" type="stmt" count="44"/>
        <line num="147" type="stmt" count="44"/>
        <line num="148" type="stmt" count="44"/>
        <line num="149" type="stmt" count="44"/>
        <line num="152" type="stmt" count="44"/>
        <line num="153" type="stmt" count="44"/>
        <metrics loc="156" ncloc="88" classes="1" methods="11" coveredmethods="11" conditionals="0" coveredconditionals="0" statements="24" coveredstatements="24" elements="35" coveredelements="35"/>
      </file>
      <file name="C:\xampp\htdocs\dev-master.seeren\log\src/Monthly.php">
        <class name="Seeren\Log\Monthly" namespace="Seeren\Log" fullPackage="Log" category="Seeren" package="Log">
          <metrics complexity="3" methods="2" coveredmethods="2" conditionals="0" coveredconditionals="0" statements="7" coveredstatements="7" elements="9" coveredelements="9"/>
        </class>
        <line num="29" type="method" name="__construct" visibility="public" complexity="1" crap="1" count="13"/>
        <line num="31" type="stmt" count="13"/>
        <line num="32" type="stmt" count="13"/>
        <line num="38" type="method" name="log" visibility="public" complexity="2" crap="2" count="12"/>
        <line num="40" type="stmt" count="12"/>
        <line num="41" type="stmt" count="11"/>
        <line num="42" type="stmt" count="11"/>
        <line num="43" type="stmt" count="11"/>
        <line num="45" type="stmt" count="11"/>
        <metrics loc="48" ncloc="24" classes="1" methods="2" coveredmethods="2" conditionals="0" coveredconditionals="0" statements="7" coveredstatements="7" elements="9" coveredelements="9"/>
      </file>
      <file name="C:\xampp\htdocs\dev-master.seeren\log\src/Yeardly.php">
        <class name="Seeren\Log\Yeardly" namespace="Seeren\Log" fullPackage="Log" category="Seeren" package="Log">
          <metrics complexity="3" methods="2" coveredmethods="2" conditionals="0" coveredconditionals="0" statements="7" coveredstatements="7" elements="9" coveredelements="9"/>
        </class>
        <line num="29" type="method" name="__construct" visibility="public" complexity="1" crap="1" count="13"/>
        <line num="31" type="stmt" count="13"/>
        <line num="32" type="stmt" count="13"/>
        <line num="38" type="method" name="log" visibility="public" complexity="2" crap="2" count="12"/>
        <line num="40" type="stmt" count="12"/>
        <line num="41" type="stmt" count="11"/>
        <line num="42" type="stmt" count="11"/>
        <line num="43" type="stmt" count="11"/>
        <line num="45" type="stmt" count="11"/>
        <metrics loc="48" ncloc="24" classes="1" methods="2" coveredmethods="2" conditionals="0" coveredconditionals="0" statements="7" coveredstatements="7" elements="9" coveredelements="9"/>
      </file>
    </package>
    <file name="C:\xampp\htdocs\dev-master.seeren\log\src/LogLevelInterface.php">
      <metrics loc="76" ncloc="29" classes="0" methods="0" coveredmethods="0" conditionals="0" coveredconditionals="0" statements="0" coveredstatements="0" elements="0" coveredelements="0"/>
    </file>
    <metrics files="6" loc="491" ncloc="252" classes="5" methods="26" coveredmethods="26" conditionals="0" coveredconditionals="0" statements="62" coveredstatements="62" elements="88" coveredelements="88"/>
  </project>
</coverage>
